<?xml version="1.0" encoding="UTF-8"?>
<testng-results skipped="0" failed="0" total="1" passed="1">
  <reporter-output>
  </reporter-output>
  <suite name="Default suite" duration-ms="44669" started-at="2019-09-20T10:45:44Z" finished-at="2019-09-20T10:46:28Z">
    <groups>
    </groups>
    <test name="Default test" duration-ms="44669" started-at="2019-09-20T10:45:44Z" finished-at="2019-09-20T10:46:28Z">
      <class name="demo2.hac2.Testmefull">
        <test-method status="PASS" signature="BeforeTest()[pri:0, instance:demo2.hac2.Testmefull@4563e9ab]" name="BeforeTest" is-config="true" duration-ms="21329" started-at="2019-09-20T16:15:44Z" finished-at="2019-09-20T16:16:05Z">
          <reporter-output>
          </reporter-output>
        </test-method> <!-- BeforeTest -->
        <test-method status="PASS" signature="Elements()[pri:0, instance:demo2.hac2.Testmefull@4563e9ab]" name="Elements" duration-ms="23319" started-at="2019-09-20T16:16:05Z" finished-at="2019-09-20T16:16:28Z">
          <reporter-output>
          </reporter-output>
        </test-method> <!-- Elements -->
      </class> <!-- demo2.hac2.Testmefull -->
    </test> <!-- Default test -->
  </suite> <!-- Default suite -->
</testng-results>
